{"name": "test_order_scooter[locator0-data_for_order0]", "status": "broken", "statusDetails": {"message": "selenium.common.exceptions.TimeoutException: Message: \nStacktrace:\nRemoteError@chrome://remote/content/shared/RemoteError.sys.mjs:8:8\nWebDriverError@chrome://remote/content/shared/webdriver/Errors.sys.mjs:193:5\nNoSuchElementError@chrome://remote/content/shared/webdriver/Errors.sys.mjs:511:5\ndom.find/</<@chrome://remote/content/shared/DOM.sys.mjs:136:16", "trace": "self = <tests.test_order_page.TestElementOrderPage object at 0x00000202C711F110>, driver = <selenium.webdriver.firefox.webdriver.WebDriver (session=\"a853890f-5650-4e04-9aeb-b72af2914ca3\")>\nlocator = ('xpath', \"//button[@class='Button_Button__ra12g']\"), data_for_order = dict_values(['Катя', 'Лёвушкина', 'Москва', 'Черкизовская', '89366546363', '12.12.2024', 'двое суток', 'black', ''])\n\n    @allure.description('Тестирование заказа самоката путем нажатия кнопок \"Заказать\"')\n    @pytest.mark.parametrize(\n        'locator, data_for_order',\n        [\n            (OrderPageLocators.ORDER_BUTTON_UP, TestDataOrder.data_order_first.values()),\n            (OrderPageLocators.ORDER_BUTTON_MIDDLE, TestDataOrder.data_order_second.values())\n        ]\n    )\n    def test_order_scooter(self, driver, locator, data_for_order):\n        order_page = TestOrderPage(driver)\n        main_page = TestMainPage(driver)\n        driver.get(TestUrl.main_page_url)\n        main_page.click_order_button(locator)\n>       finish_window_text = order_page.fill_in_first_form_order_scooter(*data_for_order)\n\ntests\\test_order_page.py:25: \n_ _ _ _ _ _ _ _ _ _ _ _ _ _ _ _ _ _ _ _ _ _ _ _ _ _ _ _ _ _ _ _ _ _ _ _ _ _ _ _ _ _ _ _ _ _ _ _ _ _ _ _ _ _ _ _ _ _ _ _ _ _ _ _ _ _ _ _ _ _ _ _ _ _ _ _ _ _ _ _ _ _ _ _ _ _ _ _ _ _ _ _ _ _ _ _ _ _ _ _ _ _ _ _ _ _ _ _ _ _ _ _ _ _\npages\\order_page.py:39: in fill_in_first_form_order_scooter\n    self.select_field_station(station)\npages\\order_page.py:20: in select_field_station\n    self.click_element_with_wait(OrderPageLocators.STATION_FIELD_CLICK)\npages\\base_page.py:20: in click_element_with_wait\n    WebDriverWait(self.driver, 3).until(expected_conditions.element_to_be_clickable(locator))\n_ _ _ _ _ _ _ _ _ _ _ _ _ _ _ _ _ _ _ _ _ _ _ _ _ _ _ _ _ _ _ _ _ _ _ _ _ _ _ _ _ _ _ _ _ _ _ _ _ _ _ _ _ _ _ _ _ _ _ _ _ _ _ _ _ _ _ _ _ _ _ _ _ _ _ _ _ _ _ _ _ _ _ _ _ _ _ _ _ _ _ _ _ _ _ _ _ _ _ _ _ _ _ _ _ _ _ _ _ _ _ _ _ _\n\nself = <selenium.webdriver.support.wait.WebDriverWait (session=\"a853890f-5650-4e04-9aeb-b72af2914ca3\")>, method = <function element_to_be_clickable.<locals>._predicate at 0x00000202C71C37E0>, message = ''\n\n    def until(self, method: Callable[[D], Union[Literal[False], T]], message: str = \"\") -> T:\n        \"\"\"Calls the method provided with the driver as an argument until the \\\n        return value does not evaluate to ``False``.\n    \n        :param method: callable(WebDriver)\n        :param message: optional message for :exc:`TimeoutException`\n        :returns: the result of the last call to `method`\n        :raises: :exc:`selenium.common.exceptions.TimeoutException` if timeout occurs\n        \"\"\"\n        screen = None\n        stacktrace = None\n    \n        end_time = time.monotonic() + self._timeout\n        while True:\n            try:\n                value = method(self._driver)\n                if value:\n                    return value\n            except self._ignored_exceptions as exc:\n                screen = getattr(exc, \"screen\", None)\n                stacktrace = getattr(exc, \"stacktrace\", None)\n            if time.monotonic() > end_time:\n                break\n            time.sleep(self._poll)\n>       raise TimeoutException(message, screen, stacktrace)\nE       selenium.common.exceptions.TimeoutException: Message: \nE       Stacktrace:\nE       RemoteError@chrome://remote/content/shared/RemoteError.sys.mjs:8:8\nE       WebDriverError@chrome://remote/content/shared/webdriver/Errors.sys.mjs:193:5\nE       NoSuchElementError@chrome://remote/content/shared/webdriver/Errors.sys.mjs:511:5\nE       dom.find/</<@chrome://remote/content/shared/DOM.sys.mjs:136:16\n\n.venv\\Lib\\site-packages\\selenium\\webdriver\\support\\wait.py:105: TimeoutException"}, "description": "Тестирование заказа самоката путем нажатия кнопок \"Заказать\"", "steps": [{"name": "Поиск и нажатие на кнопку \"Заказать\", для обеих кнопок", "status": "passed", "steps": [{"name": "Поиск элемента с ожиданием", "status": "passed", "parameters": [{"name": "locator", "value": "('xpath', \"//*[@class='Home_SecondPart__T0Okx']\")"}], "start": 1732920403481, "stop": 1732920403512}, {"name": "Прокручивание до элемента", "status": "passed", "parameters": [{"name": "locator", "value": "('xpath', \"//button[@class='Button_Button__ra12g']\")"}], "start": 1732920403512, "stop": 1732920403518}, {"name": "Клик на элемент", "status": "passed", "parameters": [{"name": "locator", "value": "('xpath', \"//button[@class='Button_Button__ra12g']\")"}], "start": 1732920403518, "stop": 1732920403772}], "parameters": [{"name": "locator", "value": "('xpath', \"//button[@class='Button_Button__ra12g']\")"}], "start": 1732920403481, "stop": 1732920403772}, {"name": "Заполнение формы заказа", "status": "broken", "statusDetails": {"message": "selenium.common.exceptions.TimeoutException: Message: \nStacktrace:\nRemoteError@chrome://remote/content/shared/RemoteError.sys.mjs:8:8\nWebDriverError@chrome://remote/content/shared/webdriver/Errors.sys.mjs:193:5\nNoSuchElementError@chrome://remote/content/shared/webdriver/Errors.sys.mjs:511:5\ndom.find/</<@chrome://remote/content/shared/DOM.sys.mjs:136:16\n\n", "trace": "  File \"C:\\Users\\AI\\Sprint_6\\.venv\\Lib\\site-packages\\allure_commons\\_allure.py\", line 192, in impl\n    return func(*a, **kw)\n  File \"C:\\Users\\AI\\Sprint_6\\pages\\order_page.py\", line 39, in fill_in_first_form_order_scooter\n    self.select_field_station(station)\n    ~~~~~~~~~~~~~~~~~~~~~~~~~^^^^^^^^^\n  File \"C:\\Users\\AI\\Sprint_6\\.venv\\Lib\\site-packages\\allure_commons\\_allure.py\", line 192, in impl\n    return func(*a, **kw)\n  File \"C:\\Users\\AI\\Sprint_6\\pages\\order_page.py\", line 20, in select_field_station\n    self.click_element_with_wait(OrderPageLocators.STATION_FIELD_CLICK)\n    ~~~~~~~~~~~~~~~~~~~~~~~~~~~~^^^^^^^^^^^^^^^^^^^^^^^^^^^^^^^^^^^^^^^\n  File \"C:\\Users\\AI\\Sprint_6\\.venv\\Lib\\site-packages\\allure_commons\\_allure.py\", line 192, in impl\n    return func(*a, **kw)\n  File \"C:\\Users\\AI\\Sprint_6\\pages\\base_page.py\", line 20, in click_element_with_wait\n    WebDriverWait(self.driver, 3).until(expected_conditions.element_to_be_clickable(locator))\n    ~~~~~~~~~~~~~~~~~~~~~~~~~~~~~~~~~~~^^^^^^^^^^^^^^^^^^^^^^^^^^^^^^^^^^^^^^^^^^^^^^^^^^^^^^\n  File \"C:\\Users\\AI\\Sprint_6\\.venv\\Lib\\site-packages\\selenium\\webdriver\\support\\wait.py\", line 105, in until\n    raise TimeoutException(message, screen, stacktrace)\n"}, "steps": [{"name": "Поиск элемента с ожиданием", "status": "passed", "parameters": [{"name": "locator", "value": "('xpath', \"//div[@class='Order_Content__bmtHS']\")"}], "start": 1732920403772, "stop": 1732920403785}, {"name": "Ввод текста в поле", "status": "passed", "parameters": [{"name": "locator", "value": "('xpath', \"//input[@placeholder='* Имя']\")"}, {"name": "text", "value": "'Катя'"}], "start": 1732920403785, "stop": 1732920403894}, {"name": "Ввод текста в поле", "status": "passed", "parameters": [{"name": "locator", "value": "('xpath', \"//input[@placeholder='* Фамилия']\")"}, {"name": "text", "value": "'Лёвушкина'"}], "start": 1732920403894, "stop": 1732920403938}, {"name": "Ввод текста в поле", "status": "passed", "parameters": [{"name": "locator", "value": "('xpath', \"//input[@placeholder='* Адрес: куда привезти заказ']\")"}, {"name": "text", "value": "'Москва'"}], "start": 1732920403938, "stop": 1732920403977}, {"name": "Поле с вводом и выбором станции", "status": "broken", "statusDetails": {"message": "selenium.common.exceptions.TimeoutException: Message: \nStacktrace:\nRemoteError@chrome://remote/content/shared/RemoteError.sys.mjs:8:8\nWebDriverError@chrome://remote/content/shared/webdriver/Errors.sys.mjs:193:5\nNoSuchElementError@chrome://remote/content/shared/webdriver/Errors.sys.mjs:511:5\ndom.find/</<@chrome://remote/content/shared/DOM.sys.mjs:136:16\n\n", "trace": "  File \"C:\\Users\\AI\\Sprint_6\\.venv\\Lib\\site-packages\\allure_commons\\_allure.py\", line 192, in impl\n    return func(*a, **kw)\n  File \"C:\\Users\\AI\\Sprint_6\\pages\\order_page.py\", line 20, in select_field_station\n    self.click_element_with_wait(OrderPageLocators.STATION_FIELD_CLICK)\n    ~~~~~~~~~~~~~~~~~~~~~~~~~~~~^^^^^^^^^^^^^^^^^^^^^^^^^^^^^^^^^^^^^^^\n  File \"C:\\Users\\AI\\Sprint_6\\.venv\\Lib\\site-packages\\allure_commons\\_allure.py\", line 192, in impl\n    return func(*a, **kw)\n  File \"C:\\Users\\AI\\Sprint_6\\pages\\base_page.py\", line 20, in click_element_with_wait\n    WebDriverWait(self.driver, 3).until(expected_conditions.element_to_be_clickable(locator))\n    ~~~~~~~~~~~~~~~~~~~~~~~~~~~~~~~~~~~^^^^^^^^^^^^^^^^^^^^^^^^^^^^^^^^^^^^^^^^^^^^^^^^^^^^^^\n  File \"C:\\Users\\AI\\Sprint_6\\.venv\\Lib\\site-packages\\selenium\\webdriver\\support\\wait.py\", line 105, in until\n    raise TimeoutException(message, screen, stacktrace)\n"}, "steps": [{"name": "Клик на элемент", "status": "passed", "parameters": [{"name": "locator", "value": "('xpath', \"//div/div/input[@placeholder='* Станция метро']\")"}], "start": 1732920403977, "stop": 1732920404207}, {"name": "Ввод текста в поле", "status": "passed", "parameters": [{"name": "locator", "value": "('xpath', \"//div/div/input[@placeholder='* Станция метро']\")"}, {"name": "text", "value": "'Черкизовская'"}], "start": 1732920404207, "stop": 1732920404242}, {"name": "Поиск элемента с ожиданием", "status": "passed", "parameters": [{"name": "locator", "value": "('xpath', \"//div[@class='select-search__select']\")"}], "start": 1732920404242, "stop": 1732920404256}, {"name": "Клик на элемент", "status": "broken", "statusDetails": {"message": "selenium.common.exceptions.TimeoutException: Message: \nStacktrace:\nRemoteError@chrome://remote/content/shared/RemoteError.sys.mjs:8:8\nWebDriverError@chrome://remote/content/shared/webdriver/Errors.sys.mjs:193:5\nNoSuchElementError@chrome://remote/content/shared/webdriver/Errors.sys.mjs:511:5\ndom.find/</<@chrome://remote/content/shared/DOM.sys.mjs:136:16\n\n", "trace": "  File \"C:\\Users\\AI\\Sprint_6\\.venv\\Lib\\site-packages\\allure_commons\\_allure.py\", line 192, in impl\n    return func(*a, **kw)\n  File \"C:\\Users\\AI\\Sprint_6\\pages\\base_page.py\", line 20, in click_element_with_wait\n    WebDriverWait(self.driver, 3).until(expected_conditions.element_to_be_clickable(locator))\n    ~~~~~~~~~~~~~~~~~~~~~~~~~~~~~~~~~~~^^^^^^^^^^^^^^^^^^^^^^^^^^^^^^^^^^^^^^^^^^^^^^^^^^^^^^\n  File \"C:\\Users\\AI\\Sprint_6\\.venv\\Lib\\site-packages\\selenium\\webdriver\\support\\wait.py\", line 105, in until\n    raise TimeoutException(message, screen, stacktrace)\n"}, "parameters": [{"name": "locator", "value": "('xpath', \"//div[@class='select-search__select']/ul/li[1]/button/div[2]\")"}], "start": 1732920404256, "stop": 1732920407282}], "parameters": [{"name": "station", "value": "'Черкизовская'"}], "start": 1732920403977, "stop": 1732920407285}], "parameters": [{"name": "name", "value": "'Катя'"}, {"name": "surname", "value": "'Лёвушкина'"}, {"name": "address", "value": "'Москва'"}, {"name": "station", "value": "'Черкизовская'"}, {"name": "telephone", "value": "'89366546363'"}, {"name": "date", "value": "'12.12.2024'"}, {"name": "period", "value": "'двое суток'"}, {"name": "color", "value": "'black'"}, {"name": "comment", "value": "''"}], "start": 1732920403772, "stop": 1732920407287}], "parameters": [{"name": "locator", "value": "('xpath', \"//button[@class='Button_Button__ra12g']\")"}, {"name": "data_for_order", "value": "dict_values(['Катя', 'Лёвушкина', 'Москва', 'Черкизовская', '89366546363', '12.12.2024', 'двое суток', 'black', ''])"}], "start": 1732920397198, "stop": 1732920407290, "uuid": "1f174294-5de0-4162-b76b-4a243614d448", "historyId": "d4161b220483e828d001c3f109252dad", "testCaseId": "f1c5111bff955f8288e70bb1dafe9654", "fullName": "tests.test_order_page.TestElementOrderPage#test_order_scooter", "labels": [{"name": "parentSuite", "value": "tests"}, {"name": "suite", "value": "test_order_page"}, {"name": "subSuite", "value": "TestElementOrderPage"}, {"name": "host", "value": "DESKTOP-C9D2D5N"}, {"name": "thread", "value": "6468-MainThread"}, {"name": "framework", "value": "pytest"}, {"name": "language", "value": "cpython3"}, {"name": "package", "value": "tests.test_order_page"}]}